#
# A fatal error has been detected by the Java Runtime Environment:
#
#  SIGSEGV (0xb) at pc=0x0000000109104b26, pid=65868, tid=0x0000000000004d03
#
# JRE version: Java(TM) SE Runtime Environment (8.0_191-b12) (build 1.8.0_191-b12)
# Java VM: Java HotSpot(TM) 64-Bit Server VM (25.191-b12 mixed mode bsd-amd64 compressed oops)
# Problematic frame:
# V  [libjvm.dylib+0x504b26]  SignatureIterator::expect(char)+0x14
#
# Failed to write core dump. Core dumps have been disabled. To enable core dumping, try "ulimit -c unlimited" before starting Java again
#
# If you would like to submit a bug report, please visit:
#   http://bugreport.java.com/bugreport/crash.jsp
#

---------------  T H R E A D  ---------------

Current thread (0x00007ffe96034800):  VMThread [stack: 0x000070000b44f000,0x000070000b54f000] [id=19715]

siginfo: si_signo: 11 (SIGSEGV), si_code: 1 (SEGV_MAPERR), si_addr: 0x0000000000000008

Registers:
RAX=0x0000000000000000, RBX=0x000070000b54e0a8, RCX=0x0000000000000000, RDX=0x0000000000000000
RSP=0x000070000b54df40, RBP=0x000070000b54e050, RSI=0x0000000000000028, RDI=0x000070000b54e0a8
R8 =0x000000000000009e, R9 =0x000000002a000000, R10=0x000000000000000f, R11=0xffffffffffffff68
R12=0x000070000b54e0a8, R13=0x0000000122f10e58, R14=0x0000000000000001, R15=0x000070000b54e6d8
RIP=0x0000000109104b26, EFLAGS=0x0000000000010202, ERR=0x0000000000000004
  TRAPNO=0x000000000000000e

Top of Stack: (sp=0x000070000b54df40)
0x000070000b54df40:   000070000b54df70 00000001091048eb
0x000070000b54df50:   00000001094f0500 000070000b54dfc8
0x000070000b54df60:   000070000b54df90 0000000109104934
0x000070000b54df70:   000070000b54dfb0 000070000b54dfc8
0x000070000b54df80:   0000000000000000 000070000b54dfc8
0x000070000b54df90:   000070004600008a 000000014fffffff
0x000070000b54dfa0:   0000000000000000 000070000b54dff4
0x000070000b54dfb0:   000070000b54e430 0000000108e889a3
0x000070000b54dfc0:   00000001094f0500 000000010942a1c0
0x000070000b54dfd0:   000000010a8e7560 0000000000000014
0x000070000b54dfe0:   000000010000000e 000070000b54dff8
0x000070000b54dff0:   0000000100000002 4fffffff4fffffff
0x000070000b54e000:   00000001094f0500 00000001094f0500
0x000070000b54e010:   00000001094f0500 00000001094f0500
0x000070000b54e020:   000070000b54e050 0000000109104934
0x000070000b54e030:   00000001094f0500 000070000b54e0a8
0x000070000b54e040:   000070000b54e070 000070000b54e0a8
0x000070000b54e050:   000070000b54e090 0000000109104c26
0x000070000b54e060:   0000000000000000 000000000000009e
0x000070000b54e070:   000070000b54e0a8 0000000122f10e58
0x000070000b54e080:   0000000000000001 000070000b54e6d8
0x000070000b54e090:   000070000b54e510 0000000108e888ad
0x000070000b54e0a0:   000070000b54e0d0 000000010942a1c0
0x000070000b54e0b0:   0000000000000000 0000000000000000
0x000070000b54e0c0:   000070000000000c 000070000b54e4e0
0x000070000b54e0d0:   0000700000000000 4fffffff2fffffff
0x000070000b54e0e0:   0000000000000000 000070000b54e128
0x000070000b54e0f0:   000070004600008a 000000014fffffff
0x000070000b54e100:   000070000b54e130 00000001091048eb
0x000070000b54e110:   000070000b54e590 000070000b54e188
0x000070000b54e120:   000070000b54e150 0000000109104934
0x000070000b54e130:   000070000b54e170 000070000b54e188 

Instructions: (pc=0x0000000109104b26)
0x0000000109104b06:   df 48 83 c4 08 5b 5d e9 7c ff ff ff 55 48 89 e5
0x0000000109104b16:   53 48 81 ec 08 01 00 00 48 63 47 10 48 8b 4f 08
0x0000000109104b26:   40 38 74 01 08 48 89 fb 74 39 40 0f be d6 48 8d
0x0000000109104b36:   bd f0 fe ff ff 48 8d 35 f7 7b 11 00 30 c0 e8 df 

Register to memory mapping:

RAX=0x0000000000000000 is an unknown value
RBX=0x000070000b54e0a8 is an unknown value
RCX=0x0000000000000000 is an unknown value
RDX=0x0000000000000000 is an unknown value
RSP=0x000070000b54df40 is an unknown value
RBP=0x000070000b54e050 is an unknown value
RSI=0x0000000000000028 is an unknown value
RDI=0x000070000b54e0a8 is an unknown value
R8 =0x000000000000009e is an unknown value
R9 =0x000000002a000000 is an unknown value
R10=0x000000000000000f is an unknown value
R11=0xffffffffffffff68 is an unknown value
R12=0x000070000b54e0a8 is an unknown value
R13={method} {0x0000000122f10e58} 'main' '([Ljava/lang/String;)V' in 'uk/co/rentalcars/main/StringExpression'
R14=0x0000000000000001 is an unknown value
R15=0x000070000b54e6d8 is an unknown value


Stack: [0x000070000b44f000,0x000070000b54f000],  sp=0x000070000b54df40,  free space=1019k
Native frames: (J=compiled Java code, j=interpreted, Vv=VM code, C=native code)
V  [libjvm.dylib+0x504b26]  SignatureIterator::expect(char)+0x14
V  [libjvm.dylib+0x504c26]  SignatureIterator::iterate_returntype()+0x28
V  [libjvm.dylib+0x2888ad]  GenerateOopMap::do_method(int, int, int, int)+0x71
V  [libjvm.dylib+0x28a530]  GenerateOopMap::interp_bb(BasicBlock*)+0x104
V  [libjvm.dylib+0x28a77f]  GenerateOopMap::interp_all()+0x31
V  [libjvm.dylib+0x28ad16]  GenerateOopMap::do_interpretation()+0x44
V  [libjvm.dylib+0x28b12f]  GenerateOopMap::compute_map(Thread*)+0x1fb
V  [libjvm.dylib+0x48506d]  OopMapForCacheEntry::compute_map(Thread*)+0x8f
V  [libjvm.dylib+0x485276]  OopMapCacheEntry::fill(methodHandle, int)+0x19e
V  [libjvm.dylib+0x485457]  OopMapCache::compute_one_oop_map(methodHandle, int, InterpreterOopMap*)+0x16b
V  [libjvm.dylib+0x48570e]  OopMapCache::lookup(methodHandle, int, InterpreterOopMap*) const+0x25c
V  [libjvm.dylib+0x2c2848]  InstanceKlass::mask_for(methodHandle, int, InterpreterOopMap*)+0xd2
V  [libjvm.dylib+0x452da9]  Method::mask_for(int, InterpreterOopMap*)+0xb3
V  [libjvm.dylib+0x39ad03]  VM_GetOrSetLocal::doit()+0x47
V  [libjvm.dylib+0x5bd259]  VM_Operation::evaluate()+0x4f
V  [libjvm.dylib+0x5bb7f1]  VMThread::evaluate_operation(VM_Operation*)+0xdf
V  [libjvm.dylib+0x5bbc3e]  VMThread::loop()+0x328
V  [libjvm.dylib+0x5bb55d]  VMThread::run()+0x79
V  [libjvm.dylib+0x48e0be]  java_start(Thread*)+0xf6
C  [libsystem_pthread.dylib+0x3661]  _pthread_body+0x154
C  [libsystem_pthread.dylib+0x350d]  _pthread_body+0x0
C  [libsystem_pthread.dylib+0x2bf9]  thread_start+0xd

VM_Operation (0x000070000b95a938): GetOrSetLocal, mode: safepoint, requested by thread 0x00007ffe9700e800


---------------  P R O C E S S  ---------------

Java Threads: ( => current thread )
  0x00007ffe97854000 JavaThread "Service Thread" daemon [_thread_blocked, id=42755, stack(0x000070000bf70000,0x000070000c070000)]
  0x00007ffe95015800 JavaThread "C1 CompilerThread3" daemon [_thread_blocked, id=43267, stack(0x000070000be6d000,0x000070000bf6d000)]
  0x00007ffe9585a000 JavaThread "C2 CompilerThread2" daemon [_thread_blocked, id=15363, stack(0x000070000bd6a000,0x000070000be6a000)]
  0x00007ffe96036800 JavaThread "C2 CompilerThread1" daemon [_thread_blocked, id=15107, stack(0x000070000bc67000,0x000070000bd67000)]
  0x00007ffe9600a800 JavaThread "C2 CompilerThread0" daemon [_thread_blocked, id=16131, stack(0x000070000bb64000,0x000070000bc64000)]
  0x00007ffe95015000 JavaThread "JDWP Command Reader" daemon [_thread_in_native, id=16643, stack(0x000070000ba61000,0x000070000bb61000)]
  0x00007ffe9700f000 JavaThread "JDWP Event Helper Thread" daemon [_thread_blocked, id=14851, stack(0x000070000b95e000,0x000070000ba5e000)]
  0x00007ffe9700e800 JavaThread "JDWP Transport Listener: dt_socket" daemon [_thread_blocked, id=14599, stack(0x000070000b85b000,0x000070000b95b000)]
  0x00007ffe95014000 JavaThread "Signal Dispatcher" daemon [_thread_blocked, id=14347, stack(0x000070000b758000,0x000070000b858000)]
  0x00007ffe9584f800 JavaThread "Finalizer" daemon [_thread_blocked, id=18691, stack(0x000070000b655000,0x000070000b755000)]
  0x00007ffe9584f000 JavaThread "Reference Handler" daemon [_thread_blocked, id=19203, stack(0x000070000b552000,0x000070000b652000)]
  0x00007ffe95807800 JavaThread "main" [_thread_blocked, id=6147, stack(0x000070000ab34000,0x000070000ac34000)]

Other Threads:
=>0x00007ffe96034800 VMThread [stack: 0x000070000b44f000,0x000070000b54f000] [id=19715]
  0x00007ffe9603f000 WatcherThread [stack: 0x000070000c073000,0x000070000c173000] [id=22019]

VM state:at safepoint (normal execution)

VM Mutex/Monitor currently owned by a thread:  ([mutex/lock_event])
[0x00007ffe94703b00] Threads_lock - owner thread: 0x00007ffe96034800

Heap:
 PSYoungGen      total 76288K, used 31671K [0x000000076ab00000, 0x0000000770000000, 0x00000007c0000000)
  eden space 65536K, 48% used [0x000000076ab00000,0x000000076c9edce8,0x000000076eb00000)
  from space 10752K, 0% used [0x000000076f580000,0x000000076f580000,0x0000000770000000)
  to   space 10752K, 0% used [0x000000076eb00000,0x000000076eb00000,0x000000076f580000)
 ParOldGen       total 175104K, used 0K [0x00000006c0000000, 0x00000006cab00000, 0x000000076ab00000)
  object space 175104K, 0% used [0x00000006c0000000,0x00000006c0000000,0x00000006cab00000)
 Metaspace       used 10464K, capacity 10956K, committed 11264K, reserved 1058816K
  class space    used 1249K, capacity 1476K, committed 1536K, reserved 1048576K

Card table byte_map: [0x000000010a092000,0x000000010a893000] byte_map_base: 0x0000000106a92000

Marking Bits: (ParMarkBitMap*) 0x00000001094f9e00
 Begin Bits: [0x000000011a302000, 0x000000011e302000)
 End Bits:   [0x000000011e302000, 0x0000000122302000)

Polling page: 0x0000000107bee000

CodeCache: size=245760Kb used=3500Kb max_used=3530Kb free=242259Kb
 bounds [0x000000010adac000, 0x000000010b12c000, 0x0000000119dac000]
 total_blobs=1362 nmethods=1020 adapters=264
 compilation: enabled

Compilation events (10 events):
Event: 4.718 Thread 0x00007ffe95015800 nmethod 1016 0x000000010b109990 code [0x000000010b109b00, 0x000000010b109cd0]
Event: 4.718 Thread 0x00007ffe95015800 1017       3       java.util.WeakHashMap::get (77 bytes)
Event: 4.719 Thread 0x00007ffe95015800 nmethod 1017 0x000000010b108b10 code [0x000000010b108d00, 0x000000010b1095c8]
Event: 4.719 Thread 0x00007ffe95015800 1018       3       jdk.nashorn.internal.codegen.types.Type::getInternalType (5 bytes)
Event: 4.719 Thread 0x00007ffe95015800 nmethod 1018 0x000000010b108790 code [0x000000010b108900, 0x000000010b108a68]
Event: 4.719 Thread 0x00007ffe95015800 1019       3       jdk.nashorn.internal.codegen.types.Type::lookupInternalType (37 bytes)
Event: 4.719 Thread 0x00007ffe95015800 nmethod 1019 0x000000010b1078d0 code [0x000000010b107aa0, 0x000000010b108368]
Event: 4.721 Thread 0x00007ffe96036800 1020       4       java.util.HashMap::get (23 bytes)
Event: 4.722 Thread 0x00007ffe9600a800 nmethod 883 0x000000010b112850 code [0x000000010b113c00, 0x000000010b119f78]
Event: 4.725 Thread 0x00007ffe96036800 nmethod 1020 0x000000010b10a190 code [0x000000010b10a300, 0x000000010b10a658]

GC Heap History (0 events):
No events

Deoptimization events (4 events):
Event: 4.572 Thread 0x00007ffe95807800 Uncommon trap: reason=unstable_if action=reinterpret pc=0x000000010af9f004 method=java.lang.String.replace(CC)Ljava/lang/String; @ 26
Event: 4.572 Thread 0x00007ffe95807800 Uncommon trap: reason=unstable_if action=reinterpret pc=0x000000010b043010 method=jdk.internal.org.objectweb.asm.Type.getArgumentsAndReturnSizes(Ljava/lang/String;)I @ 88
Event: 4.706 Thread 0x00007ffe95807800 Uncommon trap: reason=unstable_if action=reinterpret pc=0x000000010b0d8b78 method=java.lang.Object.equals(Ljava/lang/Object;)Z @ 2
Event: 4.727 Thread 0x00007ffe95807800 Uncommon trap: reason=unstable_if action=reinterpret pc=0x000000010b1157ec method=jdk.internal.org.objectweb.asm.Frame.pop()I @ 4

Classes redefined (2 events):
Event: 54.769 Thread 0x00007ffe96034800 redefined class name=uk.co.rentalcars.main.StringExpression, count=1
Event: 231.290 Thread 0x00007ffe96034800 redefined class name=uk.co.rentalcars.main.StringExpression, count=2

Internal exceptions (8 events):
Event: 0.034 Thread 0x00007ffe95807800 Exception <a 'java/lang/NoSuchMethodError': Method sun.misc.Unsafe.defineClass(Ljava/lang/String;[BII)Ljava/lang/Class; name or signature does not match> (0x000000076ab07cb0) thrown at [/Users/java_re/workspace/8-2-build-macosx-x86_64/jdk8u191/11896/hotsp
Event: 0.035 Thread 0x00007ffe95807800 Exception <a 'java/lang/NoSuchMethodError': Method sun.misc.Unsafe.prefetchRead(Ljava/lang/Object;J)V name or signature does not match> (0x000000076ab07f98) thrown at [/Users/java_re/workspace/8-2-build-macosx-x86_64/jdk8u191/11896/hotspot/src/share/vm/pr
Event: 0.208 Thread 0x00007ffe95807800 Exception <a 'java/security/PrivilegedActionException'> (0x000000076ae7fcd8) thrown at [/Users/java_re/workspace/8-2-build-macosx-x86_64/jdk8u191/11896/hotspot/src/share/vm/prims/jvm.cpp, line 1435]
Event: 0.208 Thread 0x00007ffe95807800 Exception <a 'java/security/PrivilegedActionException'> (0x000000076ae800d0) thrown at [/Users/java_re/workspace/8-2-build-macosx-x86_64/jdk8u191/11896/hotspot/src/share/vm/prims/jvm.cpp, line 1435]
Event: 0.208 Thread 0x00007ffe95807800 Exception <a 'java/security/PrivilegedActionException'> (0x000000076ae835e8) thrown at [/Users/java_re/workspace/8-2-build-macosx-x86_64/jdk8u191/11896/hotspot/src/share/vm/prims/jvm.cpp, line 1435]
Event: 0.208 Thread 0x00007ffe95807800 Exception <a 'java/security/PrivilegedActionException'> (0x000000076ae839e0) thrown at [/Users/java_re/workspace/8-2-build-macosx-x86_64/jdk8u191/11896/hotspot/src/share/vm/prims/jvm.cpp, line 1435]
Event: 4.363 Thread 0x00007ffe95807800 Exception <a 'java/lang/NoSuchFieldError': method resolution failed> (0x000000076b587d80) thrown at [/Users/java_re/workspace/8-2-build-macosx-x86_64/jdk8u191/11896/hotspot/src/share/vm/prims/methodHandles.cpp, line 1167]
Event: 4.364 Thread 0x00007ffe95807800 Exception <a 'java/lang/NoSuchFieldError': method resolution failed> (0x000000076b595940) thrown at [/Users/java_re/workspace/8-2-build-macosx-x86_64/jdk8u191/11896/hotspot/src/share/vm/prims/methodHandles.cpp, line 1167]

Events (10 events):
Event: 197.004 Executing VM operation: GetOrSetLocal done
Event: 197.004 Executing VM operation: GetOrSetLocal
Event: 197.004 Executing VM operation: GetOrSetLocal done
Event: 217.212 Executing VM operation: ChangeBreakpoints
Event: 217.212 Executing VM operation: ChangeBreakpoints done
Event: 231.286 Executing VM operation: RedefineClasses
Event: 231.290 Executing VM operation: RedefineClasses done
Event: 231.382 Executing VM operation: ChangeBreakpoints
Event: 231.383 Executing VM operation: ChangeBreakpoints done
Event: 231.390 Executing VM operation: GetOrSetLocal


Dynamic libraries:
0x00007fff2b098000 	/System/Library/Frameworks/Cocoa.framework/Versions/A/Cocoa
0x00007fff376b2000 	/System/Library/Frameworks/Security.framework/Versions/A/Security
0x00007fff29cda000 	/System/Library/Frameworks/ApplicationServices.framework/Versions/A/ApplicationServices
0x00007fff534fb000 	/usr/lib/libz.1.dylib
0x00007fff5142c000 	/usr/lib/libSystem.B.dylib
0x00007fff52ae5000 	/usr/lib/libobjc.A.dylib
0x00007fff2b84b000 	/System/Library/Frameworks/CoreFoundation.framework/Versions/A/CoreFoundation
0x00007fff2d9ac000 	/System/Library/Frameworks/Foundation.framework/Versions/C/Foundation
0x00007fff28e2a000 	/System/Library/Frameworks/AppKit.framework/Versions/C/AppKit
0x00007fff2b410000 	/System/Library/Frameworks/CoreData.framework/Versions/A/CoreData
0x00007fff4ad6c000 	/System/Library/PrivateFrameworks/RemoteViewServices.framework/Versions/A/RemoteViewServices
0x00007fff4f4d1000 	/System/Library/PrivateFrameworks/UIFoundation.framework/Versions/A/UIFoundation
0x00007fff3fb7a000 	/System/Library/PrivateFrameworks/DFRFoundation.framework/Versions/A/DFRFoundation
0x00007fff30018000 	/System/Library/Frameworks/Metal.framework/Versions/A/Metal
0x00007fff3fd17000 	/System/Library/PrivateFrameworks/DesktopServicesPriv.framework/Versions/A/DesktopServicesPriv
0x00007fff52032000 	/usr/lib/libenergytrace.dylib
0x00007fff4d53c000 	/System/Library/PrivateFrameworks/SkyLight.framework/Versions/A/SkyLight
0x00007fff2bcee000 	/System/Library/Frameworks/CoreGraphics.framework/Versions/A/CoreGraphics
0x00007fff51427000 	/usr/lib/libScreenReader.dylib
0x00007fff27dc4000 	/System/Library/Frameworks/Accelerate.framework/Versions/A/Accelerate
0x00007fff2e126000 	/System/Library/Frameworks/IOSurface.framework/Versions/A/IOSurface
0x00007fff2a224000 	/System/Library/Frameworks/AudioToolbox.framework/Versions/A/AudioToolbox
0x00007fff2a4b4000 	/System/Library/Frameworks/AudioUnit.framework/Versions/A/AudioUnit
0x00007fff3fc12000 	/System/Library/PrivateFrameworks/DataDetectorsCore.framework/Versions/A/DataDetectorsCore
0x00007fff2ab8b000 	/System/Library/Frameworks/Carbon.framework/Versions/A/Frameworks/HIToolbox.framework/Versions/A/HIToolbox
0x00007fff5218c000 	/usr/lib/libicucore.A.dylib
0x00007fff36c30000 	/System/Library/Frameworks/QuartzCore.framework/Versions/A/QuartzCore
0x00007fff4c7f3000 	/System/Library/PrivateFrameworks/SignpostNotification.framework/Versions/A/SignpostNotification
0x00007fff2af71000 	/System/Library/Frameworks/Carbon.framework/Versions/A/Frameworks/SpeechRecognition.framework/Versions/A/SpeechRecognition
0x00007fff51588000 	/usr/lib/libauto.dylib
0x00007fff533ea000 	/usr/lib/libxml2.2.dylib
0x00007fff3f7cb000 	/System/Library/PrivateFrameworks/CoreUI.framework/Versions/A/CoreUI
0x00007fff2b2ec000 	/System/Library/Frameworks/CoreAudio.framework/Versions/A/CoreAudio
0x00007fff2d7e6000 	/System/Library/Frameworks/DiskArbitration.framework/Versions/A/DiskArbitration
0x00007fff52400000 	/usr/lib/liblangid.dylib
0x00007fff47276000 	/System/Library/PrivateFrameworks/MultitouchSupport.framework/Versions/A/MultitouchSupport
0x00007fff2e089000 	/System/Library/Frameworks/IOKit.framework/Versions/A/IOKit
0x00007fff510b6000 	/usr/lib/libDiagnosticMessagesClient.dylib
0x00007fff2c9c4000 	/System/Library/Frameworks/CoreServices.framework/Versions/A/CoreServices
0x00007fff48da8000 	/System/Library/PrivateFrameworks/PerformanceAnalysis.framework/Versions/A/PerformanceAnalysis
0x00007fff35dd2000 	/System/Library/Frameworks/OpenGL.framework/Versions/A/OpenGL
0x00007fff2b0a6000 	/System/Library/Frameworks/ColorSync.framework/Versions/A/ColorSync
0x00007fff2c300000 	/System/Library/Frameworks/CoreImage.framework/Versions/A/CoreImage
0x00007fff2d354000 	/System/Library/Frameworks/CoreText.framework/Versions/A/CoreText
0x00007fff2e184000 	/System/Library/Frameworks/ImageIO.framework/Versions/A/ImageIO
0x00007fff3c4c2000 	/System/Library/PrivateFrameworks/Backup.framework/Versions/A/Backup
0x00007fff514d8000 	/usr/lib/libarchive.2.dylib
0x00007fff2a7d7000 	/System/Library/Frameworks/CFNetwork.framework/Versions/A/CFNetwork
0x00007fff37e45000 	/System/Library/Frameworks/SystemConfiguration.framework/Versions/A/SystemConfiguration
0x00007fff50fdf000 	/usr/lib/libCRFSuite.dylib
0x00007fff51661000 	/usr/lib/libc++.1.dylib
0x00007fff516b8000 	/usr/lib/libc++abi.dylib
0x00007fff535a9000 	/usr/lib/system/libcache.dylib
0x00007fff535ae000 	/usr/lib/system/libcommonCrypto.dylib
0x00007fff535b9000 	/usr/lib/system/libcompiler_rt.dylib
0x00007fff535c1000 	/usr/lib/system/libcopyfile.dylib
0x00007fff535cb000 	/usr/lib/system/libcorecrypto.dylib
0x00007fff536d8000 	/usr/lib/system/libdispatch.dylib
0x00007fff53712000 	/usr/lib/system/libdyld.dylib
0x00007fff53730000 	/usr/lib/system/libkeymgr.dylib
0x00007fff5373e000 	/usr/lib/system/liblaunch.dylib
0x00007fff5373f000 	/usr/lib/system/libmacho.dylib
0x00007fff53744000 	/usr/lib/system/libquarantine.dylib
0x00007fff53747000 	/usr/lib/system/libremovefile.dylib
0x00007fff53749000 	/usr/lib/system/libsystem_asl.dylib
0x00007fff53761000 	/usr/lib/system/libsystem_blocks.dylib
0x00007fff53762000 	/usr/lib/system/libsystem_c.dylib
0x00007fff537ec000 	/usr/lib/system/libsystem_configuration.dylib
0x00007fff537f0000 	/usr/lib/system/libsystem_coreservices.dylib
0x00007fff537f4000 	/usr/lib/system/libsystem_darwin.dylib
0x00007fff537f6000 	/usr/lib/system/libsystem_dnssd.dylib
0x00007fff537fd000 	/usr/lib/system/libsystem_info.dylib
0x00007fff5386e000 	/usr/lib/system/libsystem_m.dylib
0x00007fff538ba000 	/usr/lib/system/libsystem_malloc.dylib
0x00007fff538da000 	/usr/lib/system/libsystem_network.dylib
0x00007fff53a0b000 	/usr/lib/system/libsystem_networkextension.dylib
0x00007fff53a16000 	/usr/lib/system/libsystem_notify.dylib
0x00007fff53a34000 	/usr/lib/system/libsystem_sandbox.dylib
0x00007fff53a38000 	/usr/lib/system/libsystem_secinit.dylib
0x00007fff53847000 	/usr/lib/system/libsystem_kernel.dylib
0x00007fff53a20000 	/usr/lib/system/libsystem_platform.dylib
0x00007fff53a28000 	/usr/lib/system/libsystem_pthread.dylib
0x00007fff53a3a000 	/usr/lib/system/libsystem_symptoms.dylib
0x00007fff53a42000 	/usr/lib/system/libsystem_trace.dylib
0x00007fff53a57000 	/usr/lib/system/libunwind.dylib
0x00007fff53a5d000 	/usr/lib/system/libxpc.dylib
0x00007fff50ef2000 	/usr/lib/closure/libclosured.dylib
0x00007fff51642000 	/usr/lib/libbsm.0.dylib
0x00007fff53731000 	/usr/lib/system/libkxld.dylib
0x00007fff512f0000 	/usr/lib/libOpenScriptingUtil.dylib
0x00007fff519b1000 	/usr/lib/libcoretls.dylib
0x00007fff519ca000 	/usr/lib/libcoretls_cfhelpers.dylib
0x00007fff52ee6000 	/usr/lib/libpam.2.dylib
0x00007fff5300d000 	/usr/lib/libsqlite3.dylib
0x00007fff533d9000 	/usr/lib/libxar.1.dylib
0x00007fff51653000 	/usr/lib/libbz2.1.0.dylib
0x00007fff52402000 	/usr/lib/liblzma.5.dylib
0x00007fff528e3000 	/usr/lib/libnetwork.dylib
0x00007fff514c1000 	/usr/lib/libapple_nghttp2.dylib
0x00007fff52eed000 	/usr/lib/libpcap.A.dylib
0x00007fff51589000 	/usr/lib/libboringssl.dylib
0x00007fff53374000 	/usr/lib/libusrtcp.dylib
0x00007fff514c0000 	/usr/lib/libapple_crypto.dylib
0x00007fff2cd47000 	/System/Library/Frameworks/CoreServices.framework/Versions/A/Frameworks/FSEvents.framework/Versions/A/FSEvents
0x00007fff2ca3a000 	/System/Library/Frameworks/CoreServices.framework/Versions/A/Frameworks/CarbonCore.framework/Versions/A/CarbonCore
0x00007fff2cf0e000 	/System/Library/Frameworks/CoreServices.framework/Versions/A/Frameworks/Metadata.framework/Versions/A/Metadata
0x00007fff2cfbf000 	/System/Library/Frameworks/CoreServices.framework/Versions/A/Frameworks/OSServices.framework/Versions/A/OSServices
0x00007fff2d020000 	/System/Library/Frameworks/CoreServices.framework/Versions/A/Frameworks/SearchKit.framework/Versions/A/SearchKit
0x00007fff2c9c5000 	/System/Library/Frameworks/CoreServices.framework/Versions/A/Frameworks/AE.framework/Versions/A/AE
0x00007fff2cd50000 	/System/Library/Frameworks/CoreServices.framework/Versions/A/Frameworks/LaunchServices.framework/Versions/A/LaunchServices
0x00007fff2cd12000 	/System/Library/Frameworks/CoreServices.framework/Versions/A/Frameworks/DictionaryServices.framework/Versions/A/DictionaryServices
0x00007fff2d08f000 	/System/Library/Frameworks/CoreServices.framework/Versions/A/Frameworks/SharedFileList.framework/Versions/A/SharedFileList
0x00007fff3124e000 	/System/Library/Frameworks/NetFS.framework/Versions/A/NetFS
0x00007fff47507000 	/System/Library/PrivateFrameworks/NetAuth.framework/Versions/A/NetAuth
0x00007fff50d89000 	/System/Library/PrivateFrameworks/login.framework/Versions/A/Frameworks/loginsupport.framework/Versions/A/loginsupport
0x00007fff4f14e000 	/System/Library/PrivateFrameworks/TCC.framework/Versions/A/TCC
0x00007fff524e3000 	/usr/lib/libmecabra.dylib
0x00007fff29cdb000 	/System/Library/Frameworks/ApplicationServices.framework/Versions/A/Frameworks/ATS.framework/Versions/A/ATS
0x00007fff2a089000 	/System/Library/Frameworks/ApplicationServices.framework/Versions/A/Frameworks/ColorSyncLegacy.framework/Versions/A/ColorSyncLegacy
0x00007fff2a12d000 	/System/Library/Frameworks/ApplicationServices.framework/Versions/A/Frameworks/HIServices.framework/Versions/A/HIServices
0x00007fff2a180000 	/System/Library/Frameworks/ApplicationServices.framework/Versions/A/Frameworks/LangAnalysis.framework/Versions/A/LangAnalysis
0x00007fff2a18f000 	/System/Library/Frameworks/ApplicationServices.framework/Versions/A/Frameworks/PrintCore.framework/Versions/A/PrintCore
0x00007fff2a1dc000 	/System/Library/Frameworks/ApplicationServices.framework/Versions/A/Frameworks/QD.framework/Versions/A/QD
0x00007fff2a217000 	/System/Library/Frameworks/ApplicationServices.framework/Versions/A/Frameworks/SpeechSynthesis.framework/Versions/A/SpeechSynthesis
0x00007fff2b767000 	/System/Library/Frameworks/CoreDisplay.framework/Versions/A/CoreDisplay
0x00007fff27ddc000 	/System/Library/Frameworks/Accelerate.framework/Versions/A/Frameworks/vImage.framework/Versions/A/vImage
0x00007fff28b36000 	/System/Library/Frameworks/Accelerate.framework/Versions/A/Frameworks/vecLib.framework/Versions/A/vecLib
0x00007fff288d6000 	/System/Library/Frameworks/Accelerate.framework/Versions/A/Frameworks/vecLib.framework/Versions/A/libvDSP.dylib
0x00007fff28436000 	/System/Library/Frameworks/Accelerate.framework/Versions/A/Frameworks/vecLib.framework/Versions/A/libBNNS.dylib
0x00007fff2883b000 	/System/Library/Frameworks/Accelerate.framework/Versions/A/Frameworks/vecLib.framework/Versions/A/libQuadrature.dylib
0x00007fff28a84000 	/System/Library/Frameworks/Accelerate.framework/Versions/A/Frameworks/vecLib.framework/Versions/A/libvMisc.dylib
0x00007fff28465000 	/System/Library/Frameworks/Accelerate.framework/Versions/A/Frameworks/vecLib.framework/Versions/A/libLAPACK.dylib
0x00007fff282db000 	/System/Library/Frameworks/Accelerate.framework/Versions/A/Frameworks/vecLib.framework/Versions/A/libBLAS.dylib
0x00007fff28825000 	/System/Library/Frameworks/Accelerate.framework/Versions/A/Frameworks/vecLib.framework/Versions/A/libLinearAlgebra.dylib
0x00007fff28841000 	/System/Library/Frameworks/Accelerate.framework/Versions/A/Frameworks/vecLib.framework/Versions/A/libSparse.dylib
0x00007fff288c2000 	/System/Library/Frameworks/Accelerate.framework/Versions/A/Frameworks/vecLib.framework/Versions/A/libSparseBLAS.dylib
0x00007fff44356000 	/System/Library/PrivateFrameworks/GPUWrangler.framework/Versions/A/GPUWrangler
0x00007fff45ae7000 	/System/Library/PrivateFrameworks/IOAccelerator.framework/Versions/A/IOAccelerator
0x00007fff45af2000 	/System/Library/PrivateFrameworks/IOPresentment.framework/Versions/A/IOPresentment
0x00007fff3fb8c000 	/System/Library/PrivateFrameworks/DSExternalDisplay.framework/Versions/A/DSExternalDisplay
0x00007fff35251000 	/System/Library/Frameworks/OpenGL.framework/Versions/A/Libraries/libCoreFSCache.dylib
0x00007fff2d4a5000 	/System/Library/Frameworks/CoreVideo.framework/Versions/A/CoreVideo
0x00007fff450d1000 	/System/Library/PrivateFrameworks/GraphVisualizer.framework/Versions/A/GraphVisualizer
0x00007fff3024f000 	/System/Library/Frameworks/MetalPerformanceShaders.framework/Versions/A/MetalPerformanceShaders
0x00007fff510ee000 	/usr/lib/libFosl_dynamic.dylib
0x00007fff40c60000 	/System/Library/PrivateFrameworks/FaceCore.framework/Versions/A/FaceCore
0x00007fff3404c000 	/System/Library/Frameworks/OpenCL.framework/Versions/A/OpenCL
0x00007fff516ef000 	/usr/lib/libcompression.dylib
0x00007fff29dda000 	/System/Library/Frameworks/ApplicationServices.framework/Versions/A/Frameworks/ATS.framework/Versions/A/Resources/libFontParser.dylib
0x00007fff29efd000 	/System/Library/Frameworks/ApplicationServices.framework/Versions/A/Frameworks/ATS.framework/Versions/A/Resources/libFontRegistry.dylib
0x00007fff2e3ec000 	/System/Library/Frameworks/ImageIO.framework/Versions/A/Resources/libJPEG.dylib
0x00007fff2e715000 	/System/Library/Frameworks/ImageIO.framework/Versions/A/Resources/libTIFF.dylib
0x00007fff2e6eb000 	/System/Library/Frameworks/ImageIO.framework/Versions/A/Resources/libPng.dylib
0x00007fff2e2ff000 	/System/Library/Frameworks/ImageIO.framework/Versions/A/Resources/libGIF.dylib
0x00007fff2e304000 	/System/Library/Frameworks/ImageIO.framework/Versions/A/Resources/libJP2.dylib
0x00007fff2e712000 	/System/Library/Frameworks/ImageIO.framework/Versions/A/Resources/libRadiance.dylib
0x00007fff3bbed000 	/System/Library/PrivateFrameworks/AppleJPEG.framework/Versions/A/AppleJPEG
0x00007fff300b6000 	/System/Library/Frameworks/MetalPerformanceShaders.framework/Frameworks/MPSCore.framework/Versions/A/MPSCore
0x00007fff300d2000 	/System/Library/Frameworks/MetalPerformanceShaders.framework/Frameworks/MPSImage.framework/Versions/A/MPSImage
0x00007fff30167000 	/System/Library/Frameworks/MetalPerformanceShaders.framework/Frameworks/MPSNeuralNetwork.framework/Versions/A/MPSNeuralNetwork
0x00007fff30142000 	/System/Library/Frameworks/MetalPerformanceShaders.framework/Frameworks/MPSMatrix.framework/Versions/A/MPSMatrix
0x00007fff46fe8000 	/System/Library/PrivateFrameworks/MetalTools.framework/Versions/A/MetalTools
0x00007fff3541c000 	/System/Library/Frameworks/OpenGL.framework/Versions/A/Libraries/libGLU.dylib
0x00007fff3525c000 	/System/Library/Frameworks/OpenGL.framework/Versions/A/Libraries/libGFXShared.dylib
0x00007fff35266000 	/System/Library/Frameworks/OpenGL.framework/Versions/A/Libraries/libGL.dylib
0x00007fff35272000 	/System/Library/Frameworks/OpenGL.framework/Versions/A/Libraries/libGLImage.dylib
0x00007fff3524e000 	/System/Library/Frameworks/OpenGL.framework/Versions/A/Libraries/libCVMSPluginSupport.dylib
0x00007fff35257000 	/System/Library/Frameworks/OpenGL.framework/Versions/A/Libraries/libCoreVMClient.dylib
0x00007fff51e9c000 	/usr/lib/libcups.2.dylib
0x00007fff2f61d000 	/System/Library/Frameworks/Kerberos.framework/Versions/A/Kerberos
0x00007fff2dde3000 	/System/Library/Frameworks/GSS.framework/Versions/A/GSS
0x00007fff52fa0000 	/usr/lib/libresolv.9.dylib
0x00007fff5209a000 	/usr/lib/libiconv.2.dylib
0x00007fff45163000 	/System/Library/PrivateFrameworks/Heimdal.framework/Versions/A/Heimdal
0x00007fff52069000 	/usr/lib/libheimdal-asn1.dylib
0x00007fff340c4000 	/System/Library/Frameworks/OpenDirectory.framework/Versions/A/OpenDirectory
0x00007fff3df03000 	/System/Library/PrivateFrameworks/CommonAuth.framework/Versions/A/CommonAuth
0x00007fff340a7000 	/System/Library/Frameworks/OpenDirectory.framework/Versions/A/Frameworks/CFOpenDirectory.framework/Versions/A/CFOpenDirectory
0x00007fff379de000 	/System/Library/Frameworks/SecurityFoundation.framework/Versions/A/SecurityFoundation
0x00007fff3adb2000 	/System/Library/PrivateFrameworks/APFS.framework/Versions/A/APFS
0x00007fff533d5000 	/usr/lib/libutil.dylib
0x00007fff3bc70000 	/System/Library/PrivateFrameworks/AppleSauce.framework/Versions/A/AppleSauce
0x00007fff462cf000 	/System/Library/PrivateFrameworks/LinguisticData.framework/Versions/A/LinguisticData
0x00007fff5241c000 	/usr/lib/libmarisa.dylib
0x00007fff46289000 	/System/Library/PrivateFrameworks/Lexicon.framework/Versions/A/Lexicon
0x00007fff51019000 	/usr/lib/libChineseTokenizer.dylib
0x00007fff516de000 	/usr/lib/libcmph.dylib
0x00007fff46193000 	/System/Library/PrivateFrameworks/LanguageModeling.framework/Versions/A/LanguageModeling
0x00007fff3ea12000 	/System/Library/PrivateFrameworks/CoreEmoji.framework/Versions/A/CoreEmoji
0x00007fff37a9c000 	/System/Library/Frameworks/ServiceManagement.framework/Versions/A/ServiceManagement
0x00007fff3c4ba000 	/System/Library/PrivateFrameworks/BackgroundTaskManagement.framework/Versions/A/BackgroundTaskManagement
0x00007fff534d2000 	/usr/lib/libxslt.1.dylib
0x00007fff2ae9b000 	/System/Library/Frameworks/Carbon.framework/Versions/A/Frameworks/Ink.framework/Versions/A/Ink
0x00007fff4f363000 	/System/Library/PrivateFrameworks/TextureIO.framework/Versions/A/TextureIO
0x00007fff51503000 	/usr/lib/libate.dylib
0x00007fff3faec000 	/System/Library/PrivateFrameworks/CrashReporterSupport.framework/Versions/A/CrashReporterSupport
0x00007fff4c6b3000 	/System/Library/PrivateFrameworks/Sharing.framework/Versions/A/Sharing
0x00007fff45ed4000 	/System/Library/PrivateFrameworks/IconServices.framework/Versions/A/IconServices
0x00007fff3c0ea000 	/System/Library/PrivateFrameworks/AuthKit.framework/Versions/A/AuthKit
0x00007fff3ba70000 	/System/Library/PrivateFrameworks/Apple80211.framework/Versions/A/Apple80211
0x00007fff3f901000 	/System/Library/PrivateFrameworks/CoreUtils.framework/Versions/A/CoreUtils
0x00007fff2d4e0000 	/System/Library/Frameworks/CoreWLAN.framework/Versions/A/CoreWLAN
0x00007fff2df25000 	/System/Library/Frameworks/IOBluetooth.framework/Versions/A/IOBluetooth
0x00007fff4ab77000 	/System/Library/PrivateFrameworks/ProtocolBuffer.framework/Versions/A/ProtocolBuffer
0x00007fff471d1000 	/System/Library/PrivateFrameworks/MobileKeyBag.framework/Versions/A/MobileKeyBag
0x00007fff3f1b6000 	/System/Library/PrivateFrameworks/CorePhoneNumbers.framework/Versions/A/CorePhoneNumbers
0x00007fff3bba8000 	/System/Library/PrivateFrameworks/AppleIDAuthSupport.framework/Versions/A/AppleIDAuthSupport
0x00007fff4617f000 	/System/Library/PrivateFrameworks/KeychainCircle.framework/Versions/A/KeychainCircle
0x00007fff3fa87000 	/System/Library/PrivateFrameworks/CoreWiFi.framework/Versions/A/CoreWiFi
0x00007fff2b3e6000 	/System/Library/Frameworks/CoreBluetooth.framework/Versions/A/CoreBluetooth
0x00007fff3fcd6000 	/System/Library/PrivateFrameworks/DebugSymbols.framework/Versions/A/DebugSymbols
0x00007fff3f6b7000 	/System/Library/PrivateFrameworks/CoreSymbolication.framework/Versions/A/CoreSymbolication
0x00007fff4eb54000 	/System/Library/PrivateFrameworks/Symbolication.framework/Versions/A/Symbolication
0x00007fff3ba9a000 	/System/Library/PrivateFrameworks/AppleFSCompression.framework/Versions/A/AppleFSCompression
0x00007fff4dfa1000 	/System/Library/PrivateFrameworks/SpeechRecognitionCore.framework/Versions/A/SpeechRecognitionCore
0x0000000108c00000 	/Library/Java/JavaVirtualMachines/jdk1.8.0_191.jdk/Contents/Home/jre/lib/server/libjvm.dylib
0x00007fff532a2000 	/usr/lib/libstdc++.6.0.9.dylib
0x0000000107be0000 	/Library/Java/JavaVirtualMachines/jdk1.8.0_191.jdk/Contents/Home/jre/lib/libverify.dylib
0x0000000109bb4000 	/Library/Java/JavaVirtualMachines/jdk1.8.0_191.jdk/Contents/Home/jre/lib/libjava.dylib
0x0000000109bea000 	/Library/Java/JavaVirtualMachines/jdk1.8.0_191.jdk/Contents/Home/jre/lib/libjdwp.dylib
0x0000000107bef000 	/Library/Java/JavaVirtualMachines/jdk1.8.0_191.jdk/Contents/Home/jre/lib/libnpt.dylib
0x0000000109c35000 	/Library/Java/JavaVirtualMachines/jdk1.8.0_191.jdk/Contents/Home/jre/lib/libinstrument.dylib
0x0000000109cc9000 	/Library/Java/JavaVirtualMachines/jdk1.8.0_191.jdk/Contents/Home/jre/lib/libzip.dylib
0x00000001267cc000 	/Library/Java/JavaVirtualMachines/jdk1.8.0_191.jdk/Contents/Home/jre/lib/libdt_socket.dylib

VM Arguments:
jvm_args: -agentlib:jdwp=transport=dt_socket,address=127.0.0.1:60085,suspend=y,server=n -javaagent:/Users/priceja/Library/Caches/IntelliJIdea2018.2/captureAgent/debugger-agent.jar=file:/private/var/folders/yl/0tjglzln2c3bfmqbtyrhs1zjtc3_5y/T/capture.props -Dfile.encoding=UTF-8 
java_command: uk.co.rentalcars.main.StringExpression
java_class_path (initial): /Library/Java/JavaVirtualMachines/jdk1.8.0_191.jdk/Contents/Home/jre/lib/charsets.jar:/Library/Java/JavaVirtualMachines/jdk1.8.0_191.jdk/Contents/Home/jre/lib/deploy.jar:/Library/Java/JavaVirtualMachines/jdk1.8.0_191.jdk/Contents/Home/jre/lib/ext/cldrdata.jar:/Library/Java/JavaVirtualMachines/jdk1.8.0_191.jdk/Contents/Home/jre/lib/ext/dnsns.jar:/Library/Java/JavaVirtualMachines/jdk1.8.0_191.jdk/Contents/Home/jre/lib/ext/jaccess.jar:/Library/Java/JavaVirtualMachines/jdk1.8.0_191.jdk/Contents/Home/jre/lib/ext/jfxrt.jar:/Library/Java/JavaVirtualMachines/jdk1.8.0_191.jdk/Contents/Home/jre/lib/ext/localedata.jar:/Library/Java/JavaVirtualMachines/jdk1.8.0_191.jdk/Contents/Home/jre/lib/ext/nashorn.jar:/Library/Java/JavaVirtualMachines/jdk1.8.0_191.jdk/Contents/Home/jre/lib/ext/sunec.jar:/Library/Java/JavaVirtualMachines/jdk1.8.0_191.jdk/Contents/Home/jre/lib/ext/sunjce_provider.jar:/Library/Java/JavaVirtualMachines/jdk1.8.0_191.jdk/Contents/Home/jre/lib/ext/sunpkcs11.jar:/Library/Java/JavaVirtualMachines/jdk1.8.0_191.jdk/Contents/Home/jre/lib/ext/zipfs.jar:/Library/Java/JavaVirtualMachines/jdk1.8.0_191.jdk/Contents/Home/jre/lib/javaws.jar:/Library/Java/JavaVirtualMachines/jdk1.8.0_191.jdk/Contents/Home/jre/lib/jce.jar:/Library/Java/JavaVirtualMachines/jdk1.8.0_191.jdk/Contents/Home/jre/lib/jfr.jar:/Library/Java/JavaVirtualMachines/jdk1.8.0_191.jdk/Contents/Home/jre/lib/jfxswt.jar:/Library/Java/JavaVirtualMachines/jdk1.8.0_191.jdk/Contents/Home/jre/lib/jsse.jar:/Library/Java/JavaVirtualMachines/jdk1.8.0_191.jdk/Contents/Home/jre/lib/management-agent.jar:/Library/Java/JavaVirtualMachines/jdk1.8.0_191.jdk/Contents/Home/jre/lib/plugin.jar:/Library/Java/JavaVirtualMachines/jdk1.8.0_191.jdk/Contents/Home/jre/lib/resources.jar:/Library/Java/JavaVirtualMachines/jdk1.8.0_191.jdk/Contents/Home/jre/lib/rt.jar:/Library/Java/JavaVirtualMachines/jdk1.8.0_191.jdk/Contents/Home/lib/ant-javafx.jar:/Library/Java/JavaVirtualMachines/jdk1.8.0_191.jdk/Contents/Home
Launcher Type: SUN_STANDARD

Environment Variables:
PATH=/usr/local/bin:/usr/bin:/bin:/usr/sbin:/sbin
SHELL=/bin/bash

Signal Handlers:
SIGSEGV: [libjvm.dylib+0x5b5de9], sa_mask[0]=11111111011111110111111111111111, sa_flags=SA_ONSTACK|SA_RESTART|SA_SIGINFO
SIGBUS: [libjvm.dylib+0x5b5de9], sa_mask[0]=11111111011111110111111111111111, sa_flags=SA_RESTART|SA_SIGINFO
SIGFPE: [libjvm.dylib+0x48b6b0], sa_mask[0]=11111111011111110111111111111111, sa_flags=SA_RESTART|SA_SIGINFO
SIGPIPE: [libjvm.dylib+0x48b6b0], sa_mask[0]=11111111011111110111111111111111, sa_flags=SA_RESTART|SA_SIGINFO
SIGXFSZ: [libjvm.dylib+0x48b6b0], sa_mask[0]=11111111011111110111111111111111, sa_flags=SA_RESTART|SA_SIGINFO
SIGILL: [libjvm.dylib+0x48b6b0], sa_mask[0]=11111111011111110111111111111111, sa_flags=SA_RESTART|SA_SIGINFO
SIGUSR1: SIG_DFL, sa_mask[0]=00000000000000000000000000000000, sa_flags=none
SIGUSR2: [libjvm.dylib+0x48b1ce], sa_mask[0]=00100000000000000000000000000000, sa_flags=SA_RESTART|SA_SIGINFO
SIGHUP: [libjvm.dylib+0x489759], sa_mask[0]=11111111011111110111111111111111, sa_flags=SA_RESTART|SA_SIGINFO
SIGINT: [libjvm.dylib+0x489759], sa_mask[0]=11111111011111110111111111111111, sa_flags=SA_RESTART|SA_SIGINFO
SIGTERM: [libjvm.dylib+0x489759], sa_mask[0]=11111111011111110111111111111111, sa_flags=SA_RESTART|SA_SIGINFO
SIGQUIT: [libjvm.dylib+0x489759], sa_mask[0]=11111111011111110111111111111111, sa_flags=SA_RESTART|SA_SIGINFO


---------------  S Y S T E M  ---------------

OS:Bsduname:Darwin 17.7.0 Darwin Kernel Version 17.7.0: Thu Jun 21 22:53:14 PDT 2018; root:xnu-4570.71.2~1/RELEASE_X86_64 x86_64
rlimit: STACK 8192k, CORE 0k, NPROC 1418, NOFILE 10240, AS infinity
load average:9.27 8.19 6.68

CPU:total 8 (initial active 8) (4 cores per cpu, 2 threads per core) family 6 model 70 stepping 1, cmov, cx8, fxsr, mmx, sse, sse2, sse3, ssse3, sse4.1, sse4.2, popcnt, avx, avx2, aes, clmul, erms, lzcnt, ht, tsc, tscinvbit, bmi1, bmi2

Memory: 4k page, physical 16777216k(189760k free)

/proc/meminfo:


vm_info: Java HotSpot(TM) 64-Bit Server VM (25.191-b12) for bsd-amd64 JRE (1.8.0_191-b12), built on Oct  6 2018 08:37:07 by "java_re" with gcc 4.2.1 (Based on Apple Inc. build 5658) (LLVM build 2336.11.00)

time: Mon Nov 12 17:16:45 2018
elapsed time: 231 seconds (0d 0h 3m 51s)

